<?xml version="1.0" encoding="UTF-8"?>
<coverage generated="1728886752502" clover="3.2.0">
  <project timestamp="1728886752502" name="All files">
    <metrics statements="133" coveredstatements="128" conditionals="61" coveredconditionals="60" methods="46" coveredmethods="42" elements="240" coveredelements="230" complexity="0" loc="133" ncloc="133" packages="14" files="23" classes="23"/>
    <package name="components.Button">
      <metrics statements="7" coveredstatements="7" conditionals="9" coveredconditionals="9" methods="1" coveredmethods="1"/>
      <file name="Button.jsx" path="C:\Users\Frol\Desktop\test\React-Redux HW 4\React_HW_4\src\components\Button\Button.jsx">
        <metrics statements="7" coveredstatements="7" conditionals="9" coveredconditionals="9" methods="1" coveredmethods="1"/>
        <line num="8" count="3" type="stmt"/>
        <line num="9" count="17" type="cond" truecount="1" falsecount="0"/>
        <line num="11" count="17" type="cond" truecount="2" falsecount="0"/>
        <line num="13" count="17" type="cond" truecount="2" falsecount="0"/>
        <line num="14" count="1" type="stmt"/>
        <line num="17" count="17" type="stmt"/>
        <line num="31" count="3" type="stmt"/>
      </file>
    </package>
    <package name="components.Image">
      <metrics statements="3" coveredstatements="3" conditionals="0" coveredconditionals="0" methods="1" coveredmethods="1"/>
      <file name="Image.jsx" path="C:\Users\Frol\Desktop\test\React-Redux HW 4\React_HW_4\src\components\Image\Image.jsx">
        <metrics statements="3" coveredstatements="3" conditionals="0" coveredconditionals="0" methods="1" coveredmethods="1"/>
        <line num="7" count="1" type="stmt"/>
        <line num="9" count="3" type="stmt"/>
        <line num="16" count="1" type="stmt"/>
      </file>
    </package>
    <package name="components.Input">
      <metrics statements="4" coveredstatements="4" conditionals="1" coveredconditionals="1" methods="1" coveredmethods="1"/>
      <file name="Input.jsx" path="C:\Users\Frol\Desktop\test\React-Redux HW 4\React_HW_4\src\components\Input\Input.jsx">
        <metrics statements="4" coveredstatements="4" conditionals="1" coveredconditionals="1" methods="1" coveredmethods="1"/>
        <line num="6" count="3" type="stmt"/>
        <line num="7" count="11" type="cond" truecount="1" falsecount="0"/>
        <line num="10" count="10" type="stmt"/>
        <line num="18" count="3" type="stmt"/>
      </file>
    </package>
    <package name="components.InputFormik">
      <metrics statements="4" coveredstatements="4" conditionals="8" coveredconditionals="8" methods="1" coveredmethods="1"/>
      <file name="InputFormik.jsx" path="C:\Users\Frol\Desktop\test\React-Redux HW 4\React_HW_4\src\components\InputFormik\InputFormik.jsx">
        <metrics statements="4" coveredstatements="4" conditionals="8" coveredconditionals="8" methods="1" coveredmethods="1"/>
        <line num="7" count="1" type="stmt"/>
        <line num="18" count="10" type="stmt"/>
        <line num="20" count="9" type="stmt"/>
        <line num="41" count="1" type="stmt"/>
      </file>
    </package>
    <package name="components.ListContainer">
      <metrics statements="3" coveredstatements="3" conditionals="0" coveredconditionals="0" methods="1" coveredmethods="1"/>
      <file name="ListContainer.jsx" path="C:\Users\Frol\Desktop\test\React-Redux HW 4\React_HW_4\src\components\ListContainer\ListContainer.jsx">
        <metrics statements="3" coveredstatements="3" conditionals="0" coveredconditionals="0" methods="1" coveredmethods="1"/>
        <line num="7" count="1" type="stmt"/>
        <line num="9" count="3" type="stmt"/>
        <line num="14" count="1" type="stmt"/>
      </file>
    </package>
    <package name="components.ListItem">
      <metrics statements="3" coveredstatements="3" conditionals="0" coveredconditionals="0" methods="1" coveredmethods="1"/>
      <file name="ListItem.jsx" path="C:\Users\Frol\Desktop\test\React-Redux HW 4\React_HW_4\src\components\ListItem\ListItem.jsx">
        <metrics statements="3" coveredstatements="3" conditionals="0" coveredconditionals="0" methods="1" coveredmethods="1"/>
        <line num="7" count="1" type="stmt"/>
        <line num="9" count="4" type="stmt"/>
        <line num="14" count="1" type="stmt"/>
      </file>
    </package>
    <package name="components.Logo">
      <metrics statements="2" coveredstatements="2" conditionals="0" coveredconditionals="0" methods="1" coveredmethods="1"/>
      <file name="Logo.jsx" path="C:\Users\Frol\Desktop\test\React-Redux HW 4\React_HW_4\src\components\Logo\Logo.jsx">
        <metrics statements="2" coveredstatements="2" conditionals="0" coveredconditionals="0" methods="1" coveredmethods="1"/>
        <line num="8" count="1" type="stmt"/>
        <line num="10" count="2" type="stmt"/>
      </file>
    </package>
    <package name="components.Modal">
      <metrics statements="24" coveredstatements="24" conditionals="13" coveredconditionals="12" methods="9" coveredmethods="9"/>
      <file name="Modal.jsx" path="C:\Users\Frol\Desktop\test\React-Redux HW 4\React_HW_4\src\components\Modal\Modal.jsx">
        <metrics statements="2" coveredstatements="2" conditionals="0" coveredconditionals="0" methods="1" coveredmethods="1"/>
        <line num="6" count="2" type="stmt"/>
        <line num="8" count="9" type="stmt"/>
      </file>
      <file name="ModalBody.jsx" path="C:\Users\Frol\Desktop\test\React-Redux HW 4\React_HW_4\src\components\Modal\ModalBody.jsx">
        <metrics statements="2" coveredstatements="2" conditionals="0" coveredconditionals="0" methods="1" coveredmethods="1"/>
        <line num="4" count="1" type="stmt"/>
        <line num="6" count="2" type="stmt"/>
      </file>
      <file name="ModalClose.jsx" path="C:\Users\Frol\Desktop\test\React-Redux HW 4\React_HW_4\src\components\Modal\ModalClose.jsx">
        <metrics statements="2" coveredstatements="2" conditionals="0" coveredconditionals="0" methods="1" coveredmethods="1"/>
        <line num="3" count="2" type="stmt"/>
        <line num="4" count="9" type="stmt"/>
      </file>
      <file name="ModalFooter.jsx" path="C:\Users\Frol\Desktop\test\React-Redux HW 4\React_HW_4\src\components\Modal\ModalFooter.jsx">
        <metrics statements="4" coveredstatements="4" conditionals="9" coveredconditionals="9" methods="1" coveredmethods="1"/>
        <line num="8" count="2" type="stmt"/>
        <line num="9" count="17" type="cond" truecount="1" falsecount="0"/>
        <line num="11" count="16" type="stmt"/>
        <line num="27" count="2" type="stmt"/>
      </file>
      <file name="ModalHeader.jsx" path="C:\Users\Frol\Desktop\test\React-Redux HW 4\React_HW_4\src\components\Modal\ModalHeader.jsx">
        <metrics statements="3" coveredstatements="3" conditionals="0" coveredconditionals="0" methods="1" coveredmethods="1"/>
        <line num="5" count="2" type="stmt"/>
        <line num="7" count="8" type="stmt"/>
        <line num="12" count="2" type="stmt"/>
      </file>
      <file name="ModalImage.jsx" path="C:\Users\Frol\Desktop\test\React-Redux HW 4\React_HW_4\src\components\Modal\ModalImage.jsx">
        <metrics statements="3" coveredstatements="3" conditionals="0" coveredconditionals="0" methods="1" coveredmethods="1"/>
        <line num="4" count="2" type="stmt"/>
        <line num="5" count="8" type="stmt"/>
        <line num="14" count="2" type="stmt"/>
      </file>
      <file name="ModalText.jsx" path="C:\Users\Frol\Desktop\test\React-Redux HW 4\React_HW_4\src\components\Modal\ModalText.jsx">
        <metrics statements="2" coveredstatements="2" conditionals="0" coveredconditionals="0" methods="1" coveredmethods="1"/>
        <line num="3" count="2" type="stmt"/>
        <line num="5" count="7" type="stmt"/>
      </file>
      <file name="ModalWrapper.jsx" path="C:\Users\Frol\Desktop\test\React-Redux HW 4\React_HW_4\src\components\Modal\ModalWrapper.jsx">
        <metrics statements="6" coveredstatements="6" conditionals="4" coveredconditionals="3" methods="2" coveredmethods="2"/>
        <line num="6" count="2" type="stmt"/>
        <line num="7" count="10" type="stmt"/>
        <line num="8" count="1" type="cond" truecount="1" falsecount="1"/>
        <line num="9" count="1" type="stmt"/>
        <line num="13" count="10" type="stmt"/>
        <line num="19" count="2" type="stmt"/>
      </file>
    </package>
    <package name="components.Text">
      <metrics statements="3" coveredstatements="3" conditionals="0" coveredconditionals="0" methods="1" coveredmethods="1"/>
      <file name="Text.jsx" path="C:\Users\Frol\Desktop\test\React-Redux HW 4\React_HW_4\src\components\Text\Text.jsx">
        <metrics statements="3" coveredstatements="3" conditionals="0" coveredconditionals="0" methods="1" coveredmethods="1"/>
        <line num="7" count="1" type="stmt"/>
        <line num="9" count="2" type="stmt"/>
        <line num="15" count="1" type="stmt"/>
      </file>
    </package>
    <package name="components.Title">
      <metrics statements="3" coveredstatements="3" conditionals="0" coveredconditionals="0" methods="1" coveredmethods="1"/>
      <file name="Title.jsx" path="C:\Users\Frol\Desktop\test\React-Redux HW 4\React_HW_4\src\components\Title\Title.jsx">
        <metrics statements="3" coveredstatements="3" conditionals="0" coveredconditionals="0" methods="1" coveredmethods="1"/>
        <line num="8" count="1" type="stmt"/>
        <line num="10" count="1" type="stmt"/>
        <line num="15" count="1" type="stmt"/>
      </file>
    </package>
    <package name="compositions.RenderModal">
      <metrics statements="5" coveredstatements="5" conditionals="12" coveredconditionals="12" methods="2" coveredmethods="2"/>
      <file name="RenderDeleteModal.jsx" path="C:\Users\Frol\Desktop\test\React-Redux HW 4\React_HW_4\src\compositions\RenderModal\RenderDeleteModal.jsx">
        <metrics statements="2" coveredstatements="2" conditionals="0" coveredconditionals="0" methods="1" coveredmethods="1"/>
        <line num="11" count="1" type="stmt"/>
        <line num="13" count="1" type="stmt"/>
      </file>
      <file name="RenderModal.jsx" path="C:\Users\Frol\Desktop\test\React-Redux HW 4\React_HW_4\src\compositions\RenderModal\RenderModal.jsx">
        <metrics statements="3" coveredstatements="3" conditionals="12" coveredconditionals="12" methods="1" coveredmethods="1"/>
        <line num="15" count="1" type="stmt"/>
        <line num="31" count="5" type="stmt"/>
        <line num="69" count="1" type="stmt"/>
      </file>
    </package>
    <package name="configs">
      <metrics statements="1" coveredstatements="1" conditionals="0" coveredconditionals="0" methods="0" coveredmethods="0"/>
      <file name="API.js" path="C:\Users\Frol\Desktop\test\React-Redux HW 4\React_HW_4\src\configs\API.js">
        <metrics statements="1" coveredstatements="1" conditionals="0" coveredconditionals="0" methods="0" coveredmethods="0"/>
        <line num="1" count="1" type="stmt"/>
      </file>
    </package>
    <package name="helpers">
      <metrics statements="4" coveredstatements="1" conditionals="0" coveredconditionals="0" methods="1" coveredmethods="0"/>
      <file name="sendRequest.js" path="C:\Users\Frol\Desktop\test\React-Redux HW 4\React_HW_4\src\helpers\sendRequest.js">
        <metrics statements="4" coveredstatements="1" conditionals="0" coveredconditionals="0" methods="1" coveredmethods="0"/>
        <line num="1" count="1" type="stmt"/>
        <line num="2" count="0" type="stmt"/>
        <line num="3" count="0" type="stmt"/>
        <line num="4" count="0" type="stmt"/>
      </file>
    </package>
    <package name="store.slices">
      <metrics statements="67" coveredstatements="65" conditionals="18" coveredconditionals="18" methods="25" coveredmethods="22"/>
      <file name="app.slice.js" path="C:\Users\Frol\Desktop\test\React-Redux HW 4\React_HW_4\src\store\slices\app.slice.js">
        <metrics statements="58" coveredstatements="58" conditionals="18" coveredconditionals="18" methods="21" coveredmethods="21"/>
        <line num="3" count="2" type="stmt"/>
        <line num="13" count="2" type="stmt"/>
        <line num="19" count="2" type="cond" truecount="2" falsecount="0"/>
        <line num="20" count="1" type="stmt"/>
        <line num="21" count="1" type="stmt"/>
        <line num="22" count="1" type="stmt"/>
        <line num="25" count="2" type="stmt"/>
        <line num="26" count="1" type="stmt"/>
        <line num="27" count="1" type="stmt"/>
        <line num="33" count="3" type="cond" truecount="4" falsecount="0"/>
        <line num="34" count="3" type="stmt"/>
        <line num="36" count="2" type="stmt"/>
        <line num="37" count="2" type="stmt"/>
        <line num="42" count="3" type="stmt"/>
        <line num="43" count="3" type="stmt"/>
        <line num="45" count="3" type="cond" truecount="2" falsecount="0"/>
        <line num="46" count="2" type="stmt"/>
        <line num="49" count="1" type="stmt"/>
        <line num="51" count="2" type="cond" truecount="2" falsecount="0"/>
        <line num="52" count="1" type="stmt"/>
        <line num="57" count="3" type="stmt"/>
        <line num="58" count="5" type="stmt"/>
        <line num="59" count="5" type="stmt"/>
        <line num="63" count="3" type="stmt"/>
        <line num="67" count="3" type="cond" truecount="4" falsecount="0"/>
        <line num="68" count="3" type="stmt"/>
        <line num="70" count="2" type="stmt"/>
        <line num="72" count="3" type="stmt"/>
        <line num="73" count="3" type="stmt"/>
        <line num="74" count="3" type="stmt"/>
        <line num="75" count="5" type="stmt"/>
        <line num="76" count="5" type="stmt"/>
        <line num="82" count="4" type="stmt"/>
        <line num="83" count="4" type="stmt"/>
        <line num="84" count="4" type="stmt"/>
        <line num="85" count="4" type="cond" truecount="2" falsecount="0"/>
        <line num="86" count="3" type="stmt"/>
        <line num="87" count="3" type="cond" truecount="2" falsecount="0"/>
        <line num="88" count="2" type="stmt"/>
        <line num="93" count="4" type="stmt"/>
        <line num="94" count="2" type="stmt"/>
        <line num="95" count="2" type="stmt"/>
        <line num="98" count="4" type="stmt"/>
        <line num="103" count="1" type="stmt"/>
        <line num="104" count="1" type="stmt"/>
        <line num="106" count="2" type="stmt"/>
        <line num="108" count="1" type="stmt"/>
        <line num="109" count="1" type="stmt"/>
        <line num="110" count="1" type="stmt"/>
        <line num="113" count="1" type="stmt"/>
        <line num="114" count="1" type="stmt"/>
        <line num="115" count="1" type="stmt"/>
        <line num="118" count="1" type="stmt"/>
        <line num="121" count="1" type="stmt"/>
        <line num="122" count="1" type="stmt"/>
        <line num="123" count="1" type="stmt"/>
        <line num="124" count="1" type="stmt"/>
        <line num="137" count="2" type="stmt"/>
      </file>
      <file name="men.slice.js" path="C:\Users\Frol\Desktop\test\React-Redux HW 4\React_HW_4\src\store\slices\men.slice.js">
        <metrics statements="9" coveredstatements="7" conditionals="0" coveredconditionals="0" methods="4" coveredmethods="1"/>
        <line num="6" count="1" type="stmt"/>
        <line num="18" count="1" type="stmt"/>
        <line num="19" count="0" type="stmt"/>
        <line num="21" count="0" type="stmt"/>
        <line num="26" count="1" type="stmt"/>
        <line num="31" count="1" type="stmt"/>
        <line num="32" count="1" type="stmt"/>
        <line num="33" count="1" type="stmt"/>
        <line num="43" count="1" type="stmt"/>
      </file>
    </package>
  </project>
</coverage>
