{"C:\\Users\\Frol\\Desktop\\test\\React-Redux HW 4\\React_HW_4\\src\\components\\Button\\Button.jsx": {"path":"C:\\Users\\Frol\\Desktop\\test\\React-Redux HW 4\\React_HW_4\\src\\components\\Button\\Button.jsx","statementMap":{"0":{"start":{"line":8,"column":15},"end":{"line":29,"column":1}},"1":{"start":{"line":9,"column":96},"end":{"line":9,"column":101}},"2":{"start":{"line":11,"column":18},"end":{"line":11,"column":39}},"3":{"start":{"line":13,"column":4},"end":{"line":15,"column":5}},"4":{"start":{"line":14,"column":8},"end":{"line":14,"column":23}},"5":{"start":{"line":17,"column":4},"end":{"line":28,"column":5}},"6":{"start":{"line":31,"column":0},"end":{"line":40,"column":1}}},"fnMap":{"0":{"name":"(anonymous_0)","decl":{"start":{"line":8,"column":15},"end":{"line":8,"column":16}},"loc":{"start":{"line":8,"column":26},"end":{"line":29,"column":1}},"line":8}},"branchMap":{"0":{"loc":{"start":{"line":9,"column":20},"end":{"line":9,"column":35}},"type":"default-arg","locations":[{"start":{"line":9,"column":27},"end":{"line":9,"column":35}}],"line":9},"1":{"loc":{"start":{"line":11,"column":18},"end":{"line":11,"column":39}},"type":"cond-expr","locations":[{"start":{"line":11,"column":25},"end":{"line":11,"column":28}},{"start":{"line":11,"column":31},"end":{"line":11,"column":39}}],"line":11},"2":{"loc":{"start":{"line":13,"column":4},"end":{"line":15,"column":5}},"type":"if","locations":[{"start":{"line":13,"column":4},"end":{"line":15,"column":5}},{"start":{},"end":{}}],"line":13},"3":{"loc":{"start":{"line":19,"column":20},"end":{"line":19,"column":49}},"type":"cond-expr","locations":[{"start":{"line":19,"column":33},"end":{"line":19,"column":42}},{"start":{"line":19,"column":45},"end":{"line":19,"column":49}}],"line":19},"4":{"loc":{"start":{"line":19,"column":20},"end":{"line":19,"column":30}},"type":"binary-expr","locations":[{"start":{"line":19,"column":20},"end":{"line":19,"column":24}},{"start":{"line":19,"column":28},"end":{"line":19,"column":30}}],"line":19}},"s":{"0":3,"1":17,"2":17,"3":17,"4":1,"5":17,"6":3},"f":{"0":17},"b":{"0":[7],"1":[1,16],"2":[1,16],"3":[2,15],"4":[17,16]},"_coverageSchema":"1a1c01bbd47fc00a2c39e90264f33305004495a9","hash":"e37e8cadfbe65041be1e90e7b4696955a981a2ba"}
,"C:\\Users\\Frol\\Desktop\\test\\React-Redux HW 4\\React_HW_4\\src\\components\\Image\\Image.jsx": {"path":"C:\\Users\\Frol\\Desktop\\test\\React-Redux HW 4\\React_HW_4\\src\\components\\Image\\Image.jsx","statementMap":{"0":{"start":{"line":7,"column":14},"end":{"line":14,"column":1}},"1":{"start":{"line":9,"column":4},"end":{"line":13,"column":5}},"2":{"start":{"line":16,"column":0},"end":{"line":21,"column":1}}},"fnMap":{"0":{"name":"(anonymous_0)","decl":{"start":{"line":7,"column":14},"end":{"line":7,"column":15}},"loc":{"start":{"line":7,"column":42},"end":{"line":14,"column":1}},"line":7}},"branchMap":{},"s":{"0":1,"1":3,"2":1},"f":{"0":3},"b":{},"_coverageSchema":"1a1c01bbd47fc00a2c39e90264f33305004495a9","hash":"a32e2b417d48fbdbf8dba3dc19a208e48e4598ae"}
,"C:\\Users\\Frol\\Desktop\\test\\React-Redux HW 4\\React_HW_4\\src\\components\\Input\\Input.jsx": {"path":"C:\\Users\\Frol\\Desktop\\test\\React-Redux HW 4\\React_HW_4\\src\\components\\Input\\Input.jsx","statementMap":{"0":{"start":{"line":6,"column":14},"end":{"line":15,"column":1}},"1":{"start":{"line":7,"column":50},"end":{"line":7,"column":55}},"2":{"start":{"line":10,"column":4},"end":{"line":14,"column":5}},"3":{"start":{"line":18,"column":0},"end":{"line":23,"column":1}}},"fnMap":{"0":{"name":"(anonymous_0)","decl":{"start":{"line":6,"column":14},"end":{"line":6,"column":15}},"loc":{"start":{"line":6,"column":25},"end":{"line":15,"column":1}},"line":6}},"branchMap":{"0":{"loc":{"start":{"line":7,"column":11},"end":{"line":7,"column":22}},"type":"default-arg","locations":[{"start":{"line":7,"column":16},"end":{"line":7,"column":22}}],"line":7}},"s":{"0":3,"1":11,"2":10,"3":3},"f":{"0":11},"b":{"0":[5]},"_coverageSchema":"1a1c01bbd47fc00a2c39e90264f33305004495a9","hash":"761e3add5a1a2fbe408910553528184306723330"}
,"C:\\Users\\Frol\\Desktop\\test\\React-Redux HW 4\\React_HW_4\\src\\components\\InputFormik\\InputFormik.jsx": {"path":"C:\\Users\\Frol\\Desktop\\test\\React-Redux HW 4\\React_HW_4\\src\\components\\InputFormik\\InputFormik.jsx","statementMap":{"0":{"start":{"line":7,"column":14},"end":{"line":39,"column":1}},"1":{"start":{"line":18,"column":8},"end":{"line":18,"column":13}},"2":{"start":{"line":20,"column":4},"end":{"line":38,"column":5}},"3":{"start":{"line":41,"column":0},"end":{"line":50,"column":1}}},"fnMap":{"0":{"name":"(anonymous_0)","decl":{"start":{"line":7,"column":14},"end":{"line":7,"column":15}},"loc":{"start":{"line":7,"column":25},"end":{"line":39,"column":1}},"line":7}},"branchMap":{"0":{"loc":{"start":{"line":10,"column":8},"end":{"line":10,"column":21}},"type":"default-arg","locations":[{"start":{"line":10,"column":15},"end":{"line":10,"column":21}}],"line":10},"1":{"loc":{"start":{"line":14,"column":8},"end":{"line":14,"column":23}},"type":"default-arg","locations":[{"start":{"line":14,"column":18},"end":{"line":14,"column":23}}],"line":14},"2":{"loc":{"start":{"line":23,"column":13},"end":{"line":24,"column":115}},"type":"binary-expr","locations":[{"start":{"line":23,"column":13},"end":{"line":23,"column":21}},{"start":{"line":24,"column":16},"end":{"line":24,"column":114}}],"line":23},"3":{"loc":{"start":{"line":25,"column":13},"end":{"line":32,"column":57}},"type":"binary-expr","locations":[{"start":{"line":25,"column":13},"end":{"line":25,"column":20}},{"start":{"line":25,"column":25},"end":{"line":32,"column":56}}],"line":25},"4":{"loc":{"start":{"line":33,"column":13},"end":{"line":35,"column":13}},"type":"binary-expr","locations":[{"start":{"line":33,"column":13},"end":{"line":33,"column":18}},{"start":{"line":34,"column":16},"end":{"line":34,"column":63}}],"line":33}},"s":{"0":1,"1":10,"2":9,"3":1},"f":{"0":10},"b":{"0":[1],"1":[8],"2":[9,8],"3":[9,1],"4":[9,2]},"_coverageSchema":"1a1c01bbd47fc00a2c39e90264f33305004495a9","hash":"9ecb6cdadec5e64d7a0bf5d99d8114d0886594c1"}
,"C:\\Users\\Frol\\Desktop\\test\\React-Redux HW 4\\React_HW_4\\src\\components\\ListContainer\\ListContainer.jsx": {"path":"C:\\Users\\Frol\\Desktop\\test\\React-Redux HW 4\\React_HW_4\\src\\components\\ListContainer\\ListContainer.jsx","statementMap":{"0":{"start":{"line":7,"column":22},"end":{"line":12,"column":1}},"1":{"start":{"line":9,"column":4},"end":{"line":11,"column":5}},"2":{"start":{"line":14,"column":0},"end":{"line":17,"column":1}}},"fnMap":{"0":{"name":"(anonymous_0)","decl":{"start":{"line":7,"column":22},"end":{"line":7,"column":23}},"loc":{"start":{"line":7,"column":50},"end":{"line":12,"column":1}},"line":7}},"branchMap":{},"s":{"0":1,"1":3,"2":1},"f":{"0":3},"b":{},"_coverageSchema":"1a1c01bbd47fc00a2c39e90264f33305004495a9","hash":"e975257f550ed069770f1afab104b104bc3fc834"}
,"C:\\Users\\Frol\\Desktop\\test\\React-Redux HW 4\\React_HW_4\\src\\components\\ListItem\\ListItem.jsx": {"path":"C:\\Users\\Frol\\Desktop\\test\\React-Redux HW 4\\React_HW_4\\src\\components\\ListItem\\ListItem.jsx","statementMap":{"0":{"start":{"line":7,"column":17},"end":{"line":12,"column":1}},"1":{"start":{"line":9,"column":4},"end":{"line":11,"column":5}},"2":{"start":{"line":14,"column":0},"end":{"line":18,"column":1}}},"fnMap":{"0":{"name":"(anonymous_0)","decl":{"start":{"line":7,"column":17},"end":{"line":7,"column":18}},"loc":{"start":{"line":7,"column":49},"end":{"line":12,"column":1}},"line":7}},"branchMap":{},"s":{"0":1,"1":4,"2":1},"f":{"0":4},"b":{},"_coverageSchema":"1a1c01bbd47fc00a2c39e90264f33305004495a9","hash":"308942812668f72f7ebdbbfee26bbd7c4f23530b"}
,"C:\\Users\\Frol\\Desktop\\test\\React-Redux HW 4\\React_HW_4\\src\\components\\Logo\\Logo.jsx": {"path":"C:\\Users\\Frol\\Desktop\\test\\React-Redux HW 4\\React_HW_4\\src\\components\\Logo\\Logo.jsx","statementMap":{"0":{"start":{"line":8,"column":13},"end":{"line":15,"column":1}},"1":{"start":{"line":10,"column":4},"end":{"line":14,"column":5}}},"fnMap":{"0":{"name":"(anonymous_0)","decl":{"start":{"line":8,"column":13},"end":{"line":8,"column":14}},"loc":{"start":{"line":8,"column":19},"end":{"line":15,"column":1}},"line":8}},"branchMap":{},"s":{"0":1,"1":2},"f":{"0":2},"b":{},"_coverageSchema":"1a1c01bbd47fc00a2c39e90264f33305004495a9","hash":"984a0d5c01bcbbc53bb87d62be1d1c1eb3ef2128"}
,"C:\\Users\\Frol\\Desktop\\test\\React-Redux HW 4\\React_HW_4\\src\\components\\Modal\\Modal.jsx": {"path":"C:\\Users\\Frol\\Desktop\\test\\React-Redux HW 4\\React_HW_4\\src\\components\\Modal\\Modal.jsx","statementMap":{"0":{"start":{"line":6,"column":14},"end":{"line":11,"column":1}},"1":{"start":{"line":8,"column":4},"end":{"line":10,"column":5}}},"fnMap":{"0":{"name":"(anonymous_0)","decl":{"start":{"line":6,"column":14},"end":{"line":6,"column":15}},"loc":{"start":{"line":6,"column":41},"end":{"line":11,"column":1}},"line":6}},"branchMap":{},"s":{"0":2,"1":9},"f":{"0":9},"b":{},"_coverageSchema":"1a1c01bbd47fc00a2c39e90264f33305004495a9","hash":"0fe525abdc95f78a14b5a3781f6107de58141bf4"}
,"C:\\Users\\Frol\\Desktop\\test\\React-Redux HW 4\\React_HW_4\\src\\components\\Modal\\ModalBody.jsx": {"path":"C:\\Users\\Frol\\Desktop\\test\\React-Redux HW 4\\React_HW_4\\src\\components\\Modal\\ModalBody.jsx","statementMap":{"0":{"start":{"line":4,"column":18},"end":{"line":9,"column":1}},"1":{"start":{"line":6,"column":4},"end":{"line":8,"column":5}}},"fnMap":{"0":{"name":"(anonymous_0)","decl":{"start":{"line":4,"column":18},"end":{"line":4,"column":19}},"loc":{"start":{"line":4,"column":34},"end":{"line":9,"column":1}},"line":4}},"branchMap":{},"s":{"0":1,"1":2},"f":{"0":2},"b":{},"_coverageSchema":"1a1c01bbd47fc00a2c39e90264f33305004495a9","hash":"59abfdb6985f440634cbdb5e717863ab1ac56131"}
,"C:\\Users\\Frol\\Desktop\\test\\React-Redux HW 4\\React_HW_4\\src\\components\\Modal\\ModalClose.jsx": {"path":"C:\\Users\\Frol\\Desktop\\test\\React-Redux HW 4\\React_HW_4\\src\\components\\Modal\\ModalClose.jsx","statementMap":{"0":{"start":{"line":3,"column":19},"end":{"line":9,"column":1}},"1":{"start":{"line":4,"column":4},"end":{"line":8,"column":5}}},"fnMap":{"0":{"name":"(anonymous_0)","decl":{"start":{"line":3,"column":19},"end":{"line":3,"column":20}},"loc":{"start":{"line":3,"column":32},"end":{"line":9,"column":1}},"line":3}},"branchMap":{},"s":{"0":2,"1":9},"f":{"0":9},"b":{},"_coverageSchema":"1a1c01bbd47fc00a2c39e90264f33305004495a9","hash":"ec6a8041b521c7e85e67bccc048e5d6e20cdb410"}
,"C:\\Users\\Frol\\Desktop\\test\\React-Redux HW 4\\React_HW_4\\src\\components\\Modal\\ModalFooter.jsx": {"path":"C:\\Users\\Frol\\Desktop\\test\\React-Redux HW 4\\React_HW_4\\src\\components\\Modal\\ModalFooter.jsx","statementMap":{"0":{"start":{"line":8,"column":20},"end":{"line":25,"column":1}},"1":{"start":{"line":9,"column":93},"end":{"line":9,"column":98}},"2":{"start":{"line":11,"column":4},"end":{"line":24,"column":5}},"3":{"start":{"line":27,"column":0},"end":{"line":32,"column":1}}},"fnMap":{"0":{"name":"(anonymous_0)","decl":{"start":{"line":8,"column":20},"end":{"line":8,"column":21}},"loc":{"start":{"line":8,"column":31},"end":{"line":25,"column":1}},"line":8}},"branchMap":{"0":{"loc":{"start":{"line":9,"column":73},"end":{"line":9,"column":89}},"type":"default-arg","locations":[{"start":{"line":9,"column":84},"end":{"line":9,"column":89}}],"line":9},"1":{"loc":{"start":{"line":13,"column":13},"end":{"line":20,"column":15}},"type":"binary-expr","locations":[{"start":{"line":13,"column":13},"end":{"line":13,"column":19}},{"start":{"line":13,"column":24},"end":{"line":20,"column":14}}],"line":13},"2":{"loc":{"start":{"line":21,"column":13},"end":{"line":21,"column":143}},"type":"binary-expr","locations":[{"start":{"line":21,"column":13},"end":{"line":21,"column":22}},{"start":{"line":21,"column":26},"end":{"line":21,"column":36}},{"start":{"line":21,"column":41},"end":{"line":21,"column":142}}],"line":21},"3":{"loc":{"start":{"line":22,"column":13},"end":{"line":22,"column":160}},"type":"binary-expr","locations":[{"start":{"line":22,"column":13},"end":{"line":22,"column":26}},{"start":{"line":22,"column":30},"end":{"line":22,"column":44}},{"start":{"line":22,"column":49},"end":{"line":22,"column":159}}],"line":22}},"s":{"0":2,"1":17,"2":16,"3":2},"f":{"0":17},"b":{"0":[14],"1":[16,3],"2":[16,6,5],"3":[16,4,3]},"_coverageSchema":"1a1c01bbd47fc00a2c39e90264f33305004495a9","hash":"acc549a6d77f5fcb1d819c159cdec539a45c7ebb"}
,"C:\\Users\\Frol\\Desktop\\test\\React-Redux HW 4\\React_HW_4\\src\\components\\Modal\\ModalHeader.jsx": {"path":"C:\\Users\\Frol\\Desktop\\test\\React-Redux HW 4\\React_HW_4\\src\\components\\Modal\\ModalHeader.jsx","statementMap":{"0":{"start":{"line":5,"column":20},"end":{"line":10,"column":1}},"1":{"start":{"line":7,"column":4},"end":{"line":9,"column":5}},"2":{"start":{"line":12,"column":0},"end":{"line":14,"column":1}}},"fnMap":{"0":{"name":"(anonymous_0)","decl":{"start":{"line":5,"column":20},"end":{"line":5,"column":21}},"loc":{"start":{"line":5,"column":36},"end":{"line":10,"column":1}},"line":5}},"branchMap":{},"s":{"0":2,"1":8,"2":2},"f":{"0":8},"b":{},"_coverageSchema":"1a1c01bbd47fc00a2c39e90264f33305004495a9","hash":"b3ac43b44482f0ac2c2c21a30788072c1e30191c"}
,"C:\\Users\\Frol\\Desktop\\test\\React-Redux HW 4\\React_HW_4\\src\\components\\Modal\\ModalImage.jsx": {"path":"C:\\Users\\Frol\\Desktop\\test\\React-Redux HW 4\\React_HW_4\\src\\components\\Modal\\ModalImage.jsx","statementMap":{"0":{"start":{"line":4,"column":19},"end":{"line":12,"column":1}},"1":{"start":{"line":5,"column":4},"end":{"line":11,"column":5}},"2":{"start":{"line":14,"column":0},"end":{"line":17,"column":1}}},"fnMap":{"0":{"name":"(anonymous_0)","decl":{"start":{"line":4,"column":19},"end":{"line":4,"column":20}},"loc":{"start":{"line":4,"column":40},"end":{"line":12,"column":1}},"line":4}},"branchMap":{},"s":{"0":2,"1":8,"2":2},"f":{"0":8},"b":{},"_coverageSchema":"1a1c01bbd47fc00a2c39e90264f33305004495a9","hash":"b0b45518f4fda9ce364667e0605d035fed509d00"}
,"C:\\Users\\Frol\\Desktop\\test\\React-Redux HW 4\\React_HW_4\\src\\components\\Modal\\ModalText.jsx": {"path":"C:\\Users\\Frol\\Desktop\\test\\React-Redux HW 4\\React_HW_4\\src\\components\\Modal\\ModalText.jsx","statementMap":{"0":{"start":{"line":3,"column":18},"end":{"line":8,"column":1}},"1":{"start":{"line":5,"column":4},"end":{"line":7,"column":5}}},"fnMap":{"0":{"name":"(anonymous_0)","decl":{"start":{"line":3,"column":18},"end":{"line":3,"column":19}},"loc":{"start":{"line":3,"column":34},"end":{"line":8,"column":1}},"line":3}},"branchMap":{},"s":{"0":2,"1":7},"f":{"0":7},"b":{},"_coverageSchema":"1a1c01bbd47fc00a2c39e90264f33305004495a9","hash":"3ae319a9f23be4ae298e50d43a7aa708b12eff5b"}
,"C:\\Users\\Frol\\Desktop\\test\\React-Redux HW 4\\React_HW_4\\src\\components\\Modal\\ModalWrapper.jsx": {"path":"C:\\Users\\Frol\\Desktop\\test\\React-Redux HW 4\\React_HW_4\\src\\components\\Modal\\ModalWrapper.jsx","statementMap":{"0":{"start":{"line":6,"column":21},"end":{"line":18,"column":1}},"1":{"start":{"line":7,"column":31},"end":{"line":11,"column":5}},"2":{"start":{"line":8,"column":8},"end":{"line":10,"column":9}},"3":{"start":{"line":9,"column":12},"end":{"line":9,"column":22}},"4":{"start":{"line":13,"column":4},"end":{"line":17,"column":5}},"5":{"start":{"line":19,"column":0},"end":{"line":23,"column":1}}},"fnMap":{"0":{"name":"(anonymous_0)","decl":{"start":{"line":6,"column":21},"end":{"line":6,"column":22}},"loc":{"start":{"line":6,"column":54},"end":{"line":18,"column":1}},"line":6},"1":{"name":"(anonymous_1)","decl":{"start":{"line":7,"column":31},"end":{"line":7,"column":32}},"loc":{"start":{"line":7,"column":40},"end":{"line":11,"column":5}},"line":7}},"branchMap":{"0":{"loc":{"start":{"line":8,"column":8},"end":{"line":10,"column":9}},"type":"if","locations":[{"start":{"line":8,"column":8},"end":{"line":10,"column":9}},{"start":{},"end":{}}],"line":8},"1":{"loc":{"start":{"line":15,"column":13},"end":{"line":15,"column":101}},"type":"binary-expr","locations":[{"start":{"line":15,"column":13},"end":{"line":15,"column":19}},{"start":{"line":15,"column":24},"end":{"line":15,"column":100}}],"line":15}},"s":{"0":2,"1":10,"2":1,"3":1,"4":10,"5":2},"f":{"0":10,"1":1},"b":{"0":[1,0],"1":[10,9]},"_coverageSchema":"1a1c01bbd47fc00a2c39e90264f33305004495a9","hash":"d7495cade7414e5a67bca1b1e420e611a7f51b81"}
,"C:\\Users\\Frol\\Desktop\\test\\React-Redux HW 4\\React_HW_4\\src\\components\\Text\\Text.jsx": {"path":"C:\\Users\\Frol\\Desktop\\test\\React-Redux HW 4\\React_HW_4\\src\\components\\Text\\Text.jsx","statementMap":{"0":{"start":{"line":7,"column":13},"end":{"line":13,"column":1}},"1":{"start":{"line":9,"column":4},"end":{"line":12,"column":5}},"2":{"start":{"line":15,"column":0},"end":{"line":19,"column":1}}},"fnMap":{"0":{"name":"(anonymous_0)","decl":{"start":{"line":7,"column":13},"end":{"line":7,"column":14}},"loc":{"start":{"line":7,"column":41},"end":{"line":13,"column":1}},"line":7}},"branchMap":{},"s":{"0":1,"1":2,"2":1},"f":{"0":2},"b":{},"_coverageSchema":"1a1c01bbd47fc00a2c39e90264f33305004495a9","hash":"30afe55349d022b55ddf6947ab508340e6c3be16"}
,"C:\\Users\\Frol\\Desktop\\test\\React-Redux HW 4\\React_HW_4\\src\\components\\Title\\Title.jsx": {"path":"C:\\Users\\Frol\\Desktop\\test\\React-Redux HW 4\\React_HW_4\\src\\components\\Title\\Title.jsx","statementMap":{"0":{"start":{"line":8,"column":14},"end":{"line":13,"column":1}},"1":{"start":{"line":10,"column":4},"end":{"line":12,"column":5}},"2":{"start":{"line":15,"column":0},"end":{"line":18,"column":1}}},"fnMap":{"0":{"name":"(anonymous_0)","decl":{"start":{"line":8,"column":14},"end":{"line":8,"column":15}},"loc":{"start":{"line":8,"column":42},"end":{"line":13,"column":1}},"line":8}},"branchMap":{},"s":{"0":1,"1":1,"2":1},"f":{"0":1},"b":{},"_coverageSchema":"1a1c01bbd47fc00a2c39e90264f33305004495a9","hash":"10241b65c844d2907f2ab45e10b864d0d4d0ce87"}
,"C:\\Users\\Frol\\Desktop\\test\\React-Redux HW 4\\React_HW_4\\src\\compositions\\RenderModal\\RenderDeleteModal.jsx": {"path":"C:\\Users\\Frol\\Desktop\\test\\React-Redux HW 4\\React_HW_4\\src\\compositions\\RenderModal\\RenderDeleteModal.jsx","statementMap":{"0":{"start":{"line":11,"column":26},"end":{"line":28,"column":1}},"1":{"start":{"line":13,"column":4},"end":{"line":27,"column":5}}},"fnMap":{"0":{"name":"(anonymous_0)","decl":{"start":{"line":11,"column":26},"end":{"line":11,"column":27}},"loc":{"start":{"line":11,"column":97},"end":{"line":28,"column":1}},"line":11}},"branchMap":{},"s":{"0":1,"1":1},"f":{"0":1},"b":{},"_coverageSchema":"1a1c01bbd47fc00a2c39e90264f33305004495a9","hash":"21f2f8f13e6578b1f6d11fc4d44c964208f22b60"}
,"C:\\Users\\Frol\\Desktop\\test\\React-Redux HW 4\\React_HW_4\\src\\compositions\\RenderModal\\RenderModal.jsx": {"path":"C:\\Users\\Frol\\Desktop\\test\\React-Redux HW 4\\React_HW_4\\src\\compositions\\RenderModal\\RenderModal.jsx","statementMap":{"0":{"start":{"line":15,"column":20},"end":{"line":67,"column":1}},"1":{"start":{"line":31,"column":4},"end":{"line":66,"column":5}},"2":{"start":{"line":69,"column":0},"end":{"line":82,"column":1}}},"fnMap":{"0":{"name":"(anonymous_0)","decl":{"start":{"line":15,"column":20},"end":{"line":15,"column":21}},"loc":{"start":{"line":30,"column":27},"end":{"line":67,"column":1}},"line":30}},"branchMap":{"0":{"loc":{"start":{"line":41,"column":17},"end":{"line":45,"column":19}},"type":"binary-expr","locations":[{"start":{"line":41,"column":17},"end":{"line":41,"column":27}},{"start":{"line":41,"column":31},"end":{"line":41,"column":45}},{"start":{"line":41,"column":50},"end":{"line":45,"column":18}}],"line":41},"1":{"loc":{"start":{"line":47,"column":17},"end":{"line":49,"column":19}},"type":"binary-expr","locations":[{"start":{"line":47,"column":17},"end":{"line":47,"column":27}},{"start":{"line":47,"column":31},"end":{"line":47,"column":44}},{"start":{"line":47,"column":49},"end":{"line":49,"column":18}}],"line":47},"2":{"loc":{"start":{"line":51,"column":17},"end":{"line":57,"column":19}},"type":"binary-expr","locations":[{"start":{"line":51,"column":17},"end":{"line":51,"column":23}},{"start":{"line":51,"column":27},"end":{"line":51,"column":37}},{"start":{"line":51,"column":42},"end":{"line":57,"column":18}}],"line":51},"3":{"loc":{"start":{"line":59,"column":17},"end":{"line":61,"column":19}},"type":"binary-expr","locations":[{"start":{"line":59,"column":17},"end":{"line":59,"column":23}},{"start":{"line":59,"column":27},"end":{"line":59,"column":36}},{"start":{"line":59,"column":41},"end":{"line":61,"column":18}}],"line":59}},"s":{"0":1,"1":5,"2":1},"f":{"0":5},"b":{"0":[5,2,1],"1":[5,2,1],"2":[5,2,1],"3":[5,2,1]},"_coverageSchema":"1a1c01bbd47fc00a2c39e90264f33305004495a9","hash":"08f93953d57497de9134662ac14d2a2f5bd0c14a"}
,"C:\\Users\\Frol\\Desktop\\test\\React-Redux HW 4\\React_HW_4\\src\\configs\\API.js": {"path":"C:\\Users\\Frol\\Desktop\\test\\React-Redux HW 4\\React_HW_4\\src\\configs\\API.js","statementMap":{"0":{"start":{"line":1,"column":19},"end":{"line":1,"column":46}}},"fnMap":{},"branchMap":{},"s":{"0":1},"f":{},"b":{},"_coverageSchema":"1a1c01bbd47fc00a2c39e90264f33305004495a9","hash":"26bd349ec20f87dfa535eacb6b5ff891f764e782"}
,"C:\\Users\\Frol\\Desktop\\test\\React-Redux HW 4\\React_HW_4\\src\\helpers\\sendRequest.js": {"path":"C:\\Users\\Frol\\Desktop\\test\\React-Redux HW 4\\React_HW_4\\src\\helpers\\sendRequest.js","statementMap":{"0":{"start":{"line":1,"column":27},"end":{"line":5,"column":1}},"1":{"start":{"line":2,"column":18},"end":{"line":2,"column":34}},"2":{"start":{"line":3,"column":16},"end":{"line":3,"column":37}},"3":{"start":{"line":4,"column":1},"end":{"line":4,"column":15}}},"fnMap":{"0":{"name":"(anonymous_0)","decl":{"start":{"line":1,"column":27},"end":{"line":1,"column":28}},"loc":{"start":{"line":1,"column":42},"end":{"line":5,"column":1}},"line":1}},"branchMap":{},"s":{"0":1,"1":0,"2":0,"3":0},"f":{"0":0},"b":{},"_coverageSchema":"1a1c01bbd47fc00a2c39e90264f33305004495a9","hash":"db17c6e6977aa1564d196448dd64fc5bd6c61bde"}
,"C:\\Users\\Frol\\Desktop\\test\\React-Redux HW 4\\React_HW_4\\src\\store\\slices\\app.slice.js": {"path":"C:\\Users\\Frol\\Desktop\\test\\React-Redux HW 4\\React_HW_4\\src\\store\\slices\\app.slice.js","statementMap":{"0":{"start":{"line":3,"column":21},"end":{"line":10,"column":1}},"1":{"start":{"line":13,"column":17},"end":{"line":127,"column":2}},"2":{"start":{"line":19,"column":12},"end":{"line":29,"column":13}},"3":{"start":{"line":19,"column":51},"end":{"line":19,"column":83}},"4":{"start":{"line":20,"column":16},"end":{"line":20,"column":69}},"5":{"start":{"line":21,"column":16},"end":{"line":21,"column":61}},"6":{"start":{"line":22,"column":16},"end":{"line":22,"column":90}},"7":{"start":{"line":25,"column":16},"end":{"line":25,"column":106}},"8":{"start":{"line":25,"column":73},"end":{"line":25,"column":105}},"9":{"start":{"line":26,"column":16},"end":{"line":26,"column":61}},"10":{"start":{"line":27,"column":16},"end":{"line":27,"column":90}},"11":{"start":{"line":33,"column":16},"end":{"line":38,"column":17}},"12":{"start":{"line":34,"column":55},"end":{"line":34,"column":87}},"13":{"start":{"line":36,"column":20},"end":{"line":36,"column":73}},"14":{"start":{"line":37,"column":20},"end":{"line":37,"column":65}},"15":{"start":{"line":42,"column":12},"end":{"line":42,"column":30}},"16":{"start":{"line":43,"column":12},"end":{"line":43,"column":33}},"17":{"start":{"line":45,"column":12},"end":{"line":55,"column":13}},"18":{"start":{"line":45,"column":47},"end":{"line":45,"column":79}},"19":{"start":{"line":46,"column":16},"end":{"line":46,"column":61}},"20":{"start":{"line":49,"column":16},"end":{"line":54,"column":18}},"21":{"start":{"line":51,"column":20},"end":{"line":53,"column":21}},"22":{"start":{"line":52,"column":24},"end":{"line":52,"column":68}},"23":{"start":{"line":57,"column":12},"end":{"line":61,"column":14}},"24":{"start":{"line":58,"column":16},"end":{"line":58,"column":45}},"25":{"start":{"line":59,"column":16},"end":{"line":59,"column":62}},"26":{"start":{"line":63,"column":12},"end":{"line":63,"column":78}},"27":{"start":{"line":67,"column":12},"end":{"line":71,"column":13}},"28":{"start":{"line":68,"column":47},"end":{"line":68,"column":79}},"29":{"start":{"line":70,"column":16},"end":{"line":70,"column":61}},"30":{"start":{"line":72,"column":12},"end":{"line":72,"column":30}},"31":{"start":{"line":73,"column":12},"end":{"line":73,"column":33}},"32":{"start":{"line":74,"column":12},"end":{"line":77,"column":14}},"33":{"start":{"line":75,"column":16},"end":{"line":75,"column":46}},"34":{"start":{"line":76,"column":16},"end":{"line":76,"column":62}},"35":{"start":{"line":82,"column":12},"end":{"line":82,"column":30}},"36":{"start":{"line":83,"column":12},"end":{"line":83,"column":33}},"37":{"start":{"line":84,"column":12},"end":{"line":91,"column":14}},"38":{"start":{"line":85,"column":16},"end":{"line":90,"column":17}},"39":{"start":{"line":86,"column":20},"end":{"line":86,"column":65}},"40":{"start":{"line":87,"column":20},"end":{"line":89,"column":21}},"41":{"start":{"line":88,"column":24},"end":{"line":88,"column":114}},"42":{"start":{"line":88,"column":77},"end":{"line":88,"column":113}},"43":{"start":{"line":93,"column":12},"end":{"line":96,"column":15}},"44":{"start":{"line":94,"column":16},"end":{"line":94,"column":46}},"45":{"start":{"line":95,"column":16},"end":{"line":95,"column":63}},"46":{"start":{"line":98,"column":12},"end":{"line":98,"column":79}},"47":{"start":{"line":103,"column":28},"end":{"line":103,"column":29}},"48":{"start":{"line":104,"column":24},"end":{"line":104,"column":25}},"49":{"start":{"line":106,"column":12},"end":{"line":106,"column":103}},"50":{"start":{"line":106,"column":65},"end":{"line":106,"column":101}},"51":{"start":{"line":108,"column":12},"end":{"line":111,"column":15}},"52":{"start":{"line":109,"column":16},"end":{"line":109,"column":42}},"53":{"start":{"line":110,"column":16},"end":{"line":110,"column":52}},"54":{"start":{"line":113,"column":12},"end":{"line":113,"column":37}},"55":{"start":{"line":114,"column":12},"end":{"line":114,"column":37}},"56":{"start":{"line":115,"column":12},"end":{"line":115,"column":79}},"57":{"start":{"line":118,"column":12},"end":{"line":118,"column":36}},"58":{"start":{"line":121,"column":12},"end":{"line":121,"column":32}},"59":{"start":{"line":122,"column":12},"end":{"line":122,"column":49}},"60":{"start":{"line":123,"column":12},"end":{"line":123,"column":29}},"61":{"start":{"line":124,"column":12},"end":{"line":124,"column":31}},"62":{"start":{"line":137,"column":31},"end":{"line":137,"column":47}}},"fnMap":{"0":{"name":"(anonymous_0)","decl":{"start":{"line":17,"column":28},"end":{"line":17,"column":29}},"loc":{"start":{"line":17,"column":50},"end":{"line":30,"column":9}},"line":17},"1":{"name":"(anonymous_1)","decl":{"start":{"line":19,"column":41},"end":{"line":19,"column":42}},"loc":{"start":{"line":19,"column":51},"end":{"line":19,"column":83}},"line":19},"2":{"name":"(anonymous_2)","decl":{"start":{"line":25,"column":63},"end":{"line":25,"column":64}},"loc":{"start":{"line":25,"column":73},"end":{"line":25,"column":105}},"line":25},"3":{"name":"(anonymous_3)","decl":{"start":{"line":31,"column":29},"end":{"line":31,"column":30}},"loc":{"start":{"line":31,"column":51},"end":{"line":39,"column":9}},"line":31},"4":{"name":"(anonymous_4)","decl":{"start":{"line":34,"column":45},"end":{"line":34,"column":46}},"loc":{"start":{"line":34,"column":55},"end":{"line":34,"column":87}},"line":34},"5":{"name":"(anonymous_5)","decl":{"start":{"line":40,"column":24},"end":{"line":40,"column":25}},"loc":{"start":{"line":40,"column":46},"end":{"line":64,"column":9}},"line":40},"6":{"name":"(anonymous_6)","decl":{"start":{"line":45,"column":37},"end":{"line":45,"column":38}},"loc":{"start":{"line":45,"column":47},"end":{"line":45,"column":79}},"line":45},"7":{"name":"(anonymous_7)","decl":{"start":{"line":49,"column":39},"end":{"line":49,"column":40}},"loc":{"start":{"line":49,"column":49},"end":{"line":54,"column":17}},"line":49},"8":{"name":"(anonymous_8)","decl":{"start":{"line":57,"column":35},"end":{"line":57,"column":36}},"loc":{"start":{"line":57,"column":44},"end":{"line":61,"column":13}},"line":57},"9":{"name":"(anonymous_9)","decl":{"start":{"line":66,"column":25},"end":{"line":66,"column":26}},"loc":{"start":{"line":66,"column":47},"end":{"line":78,"column":9}},"line":66},"10":{"name":"(anonymous_10)","decl":{"start":{"line":68,"column":37},"end":{"line":68,"column":38}},"loc":{"start":{"line":68,"column":47},"end":{"line":68,"column":79}},"line":68},"11":{"name":"(anonymous_11)","decl":{"start":{"line":74,"column":35},"end":{"line":74,"column":36}},"loc":{"start":{"line":74,"column":44},"end":{"line":77,"column":13}},"line":74},"12":{"name":"(anonymous_12)","decl":{"start":{"line":80,"column":28},"end":{"line":80,"column":29}},"loc":{"start":{"line":80,"column":51},"end":{"line":99,"column":9}},"line":80},"13":{"name":"(anonymous_13)","decl":{"start":{"line":84,"column":35},"end":{"line":84,"column":36}},"loc":{"start":{"line":84,"column":45},"end":{"line":91,"column":13}},"line":84},"14":{"name":"(anonymous_14)","decl":{"start":{"line":88,"column":63},"end":{"line":88,"column":64}},"loc":{"start":{"line":88,"column":77},"end":{"line":88,"column":113}},"line":88},"15":{"name":"(anonymous_15)","decl":{"start":{"line":93,"column":35},"end":{"line":93,"column":36}},"loc":{"start":{"line":93,"column":45},"end":{"line":96,"column":13}},"line":93},"16":{"name":"(anonymous_16)","decl":{"start":{"line":101,"column":31},"end":{"line":101,"column":32}},"loc":{"start":{"line":101,"column":53},"end":{"line":116,"column":9}},"line":101},"17":{"name":"(anonymous_17)","decl":{"start":{"line":106,"column":51},"end":{"line":106,"column":52}},"loc":{"start":{"line":106,"column":65},"end":{"line":106,"column":101}},"line":106},"18":{"name":"(anonymous_18)","decl":{"start":{"line":108,"column":35},"end":{"line":108,"column":36}},"loc":{"start":{"line":108,"column":45},"end":{"line":111,"column":13}},"line":108},"19":{"name":"(anonymous_19)","decl":{"start":{"line":117,"column":24},"end":{"line":117,"column":25}},"loc":{"start":{"line":117,"column":46},"end":{"line":119,"column":9}},"line":117},"20":{"name":"(anonymous_20)","decl":{"start":{"line":120,"column":33},"end":{"line":120,"column":34}},"loc":{"start":{"line":120,"column":44},"end":{"line":125,"column":9}},"line":120}},"branchMap":{"0":{"loc":{"start":{"line":19,"column":12},"end":{"line":29,"column":13}},"type":"if","locations":[{"start":{"line":19,"column":12},"end":{"line":29,"column":13}},{"start":{"line":24,"column":19},"end":{"line":29,"column":13}}],"line":19},"1":{"loc":{"start":{"line":33,"column":16},"end":{"line":38,"column":17}},"type":"if","locations":[{"start":{"line":33,"column":16},"end":{"line":38,"column":17}},{"start":{},"end":{}}],"line":33},"2":{"loc":{"start":{"line":33,"column":20},"end":{"line":34,"column":88}},"type":"binary-expr","locations":[{"start":{"line":33,"column":20},"end":{"line":33,"column":51}},{"start":{"line":34,"column":20},"end":{"line":34,"column":88}}],"line":33},"3":{"loc":{"start":{"line":45,"column":12},"end":{"line":55,"column":13}},"type":"if","locations":[{"start":{"line":45,"column":12},"end":{"line":55,"column":13}},{"start":{"line":48,"column":19},"end":{"line":55,"column":13}}],"line":45},"4":{"loc":{"start":{"line":51,"column":20},"end":{"line":53,"column":21}},"type":"if","locations":[{"start":{"line":51,"column":20},"end":{"line":53,"column":21}},{"start":{},"end":{}}],"line":51},"5":{"loc":{"start":{"line":67,"column":12},"end":{"line":71,"column":13}},"type":"if","locations":[{"start":{"line":67,"column":12},"end":{"line":71,"column":13}},{"start":{},"end":{}}],"line":67},"6":{"loc":{"start":{"line":67,"column":16},"end":{"line":68,"column":80}},"type":"binary-expr","locations":[{"start":{"line":67,"column":16},"end":{"line":67,"column":43}},{"start":{"line":68,"column":16},"end":{"line":68,"column":80}}],"line":67},"7":{"loc":{"start":{"line":85,"column":16},"end":{"line":90,"column":17}},"type":"if","locations":[{"start":{"line":85,"column":16},"end":{"line":90,"column":17}},{"start":{},"end":{}}],"line":85},"8":{"loc":{"start":{"line":87,"column":20},"end":{"line":89,"column":21}},"type":"if","locations":[{"start":{"line":87,"column":20},"end":{"line":89,"column":21}},{"start":{},"end":{}}],"line":87}},"s":{"0":2,"1":2,"2":2,"3":2,"4":1,"5":1,"6":1,"7":1,"8":2,"9":1,"10":1,"11":3,"12":3,"13":2,"14":2,"15":3,"16":3,"17":3,"18":2,"19":2,"20":1,"21":2,"22":1,"23":3,"24":5,"25":5,"26":3,"27":3,"28":3,"29":2,"30":3,"31":3,"32":3,"33":5,"34":5,"35":4,"36":4,"37":4,"38":4,"39":3,"40":3,"41":2,"42":2,"43":4,"44":2,"45":2,"46":4,"47":1,"48":1,"49":1,"50":2,"51":1,"52":1,"53":1,"54":1,"55":1,"56":1,"57":1,"58":1,"59":1,"60":1,"61":1,"62":2},"f":{"0":2,"1":2,"2":2,"3":3,"4":3,"5":3,"6":2,"7":2,"8":5,"9":3,"10":3,"11":5,"12":4,"13":4,"14":2,"15":2,"16":1,"17":2,"18":1,"19":1,"20":1},"b":{"0":[1,1],"1":[2,1],"2":[3,2],"3":[2,1],"4":[1,1],"5":[2,1],"6":[3,2],"7":[3,1],"8":[2,1]},"_coverageSchema":"1a1c01bbd47fc00a2c39e90264f33305004495a9","hash":"4adb11af48400ce8afcf327d0e5ab3208a1ee7c3"}
,"C:\\Users\\Frol\\Desktop\\test\\React-Redux HW 4\\React_HW_4\\src\\store\\slices\\men.slice.js": {"path":"C:\\Users\\Frol\\Desktop\\test\\React-Redux HW 4\\React_HW_4\\src\\store\\slices\\men.slice.js","statementMap":{"0":{"start":{"line":6,"column":21},"end":{"line":8,"column":1}},"1":{"start":{"line":18,"column":29},"end":{"line":24,"column":1}},"2":{"start":{"line":18,"column":35},"end":{"line":24,"column":1}},"3":{"start":{"line":19,"column":4},"end":{"line":23,"column":10}},"4":{"start":{"line":21,"column":12},"end":{"line":21,"column":45}},"5":{"start":{"line":26,"column":22},"end":{"line":41,"column":2}},"6":{"start":{"line":31,"column":12},"end":{"line":31,"column":45}},"7":{"start":{"line":32,"column":12},"end":{"line":32,"column":41}},"8":{"start":{"line":33,"column":12},"end":{"line":33,"column":39}},"9":{"start":{"line":43,"column":28},"end":{"line":43,"column":49}}},"fnMap":{"0":{"name":"(anonymous_0)","decl":{"start":{"line":18,"column":29},"end":{"line":18,"column":30}},"loc":{"start":{"line":18,"column":35},"end":{"line":24,"column":1}},"line":18},"1":{"name":"(anonymous_1)","decl":{"start":{"line":18,"column":35},"end":{"line":18,"column":36}},"loc":{"start":{"line":18,"column":49},"end":{"line":24,"column":1}},"line":18},"2":{"name":"(anonymous_2)","decl":{"start":{"line":20,"column":14},"end":{"line":20,"column":15}},"loc":{"start":{"line":20,"column":27},"end":{"line":23,"column":9}},"line":20},"3":{"name":"(anonymous_3)","decl":{"start":{"line":30,"column":18},"end":{"line":30,"column":19}},"loc":{"start":{"line":30,"column":37},"end":{"line":34,"column":9}},"line":30}},"branchMap":{},"s":{"0":1,"1":1,"2":0,"3":0,"4":0,"5":1,"6":1,"7":1,"8":1,"9":1},"f":{"0":0,"1":0,"2":0,"3":1},"b":{},"_coverageSchema":"1a1c01bbd47fc00a2c39e90264f33305004495a9","hash":"ffd88d5b62610adb21e560e3001ef84835a28953"}
}
