TN:
SF:src\components\Button\Button.jsx
FN:8,(anonymous_0)
FNF:1
FNH:1
FNDA:17,(anonymous_0)
DA:8,3
DA:9,17
DA:11,17
DA:13,17
DA:14,1
DA:17,17
DA:31,3
LF:7
LH:7
BRDA:9,0,0,7
BRDA:11,1,0,1
BRDA:11,1,1,16
BRDA:13,2,0,1
BRDA:13,2,1,16
BRDA:19,3,0,2
BRDA:19,3,1,15
BRDA:19,4,0,17
BRDA:19,4,1,16
BRF:9
BRH:9
end_of_record
TN:
SF:src\components\Image\Image.jsx
FN:7,(anonymous_0)
FNF:1
FNH:1
FNDA:3,(anonymous_0)
DA:7,1
DA:9,3
DA:16,1
LF:3
LH:3
BRF:0
BRH:0
end_of_record
TN:
SF:src\components\Input\Input.jsx
FN:6,(anonymous_0)
FNF:1
FNH:1
FNDA:11,(anonymous_0)
DA:6,3
DA:7,11
DA:10,10
DA:18,3
LF:4
LH:4
BRDA:7,0,0,5
BRF:1
BRH:1
end_of_record
TN:
SF:src\components\InputFormik\InputFormik.jsx
FN:7,(anonymous_0)
FNF:1
FNH:1
FNDA:10,(anonymous_0)
DA:7,1
DA:18,10
DA:20,9
DA:41,1
LF:4
LH:4
BRDA:10,0,0,1
BRDA:14,1,0,8
BRDA:23,2,0,9
BRDA:23,2,1,8
BRDA:25,3,0,9
BRDA:25,3,1,1
BRDA:33,4,0,9
BRDA:33,4,1,2
BRF:8
BRH:8
end_of_record
TN:
SF:src\components\ListContainer\ListContainer.jsx
FN:7,(anonymous_0)
FNF:1
FNH:1
FNDA:3,(anonymous_0)
DA:7,1
DA:9,3
DA:14,1
LF:3
LH:3
BRF:0
BRH:0
end_of_record
TN:
SF:src\components\ListItem\ListItem.jsx
FN:7,(anonymous_0)
FNF:1
FNH:1
FNDA:4,(anonymous_0)
DA:7,1
DA:9,4
DA:14,1
LF:3
LH:3
BRF:0
BRH:0
end_of_record
TN:
SF:src\components\Logo\Logo.jsx
FN:8,(anonymous_0)
FNF:1
FNH:1
FNDA:2,(anonymous_0)
DA:8,1
DA:10,2
LF:2
LH:2
BRF:0
BRH:0
end_of_record
TN:
SF:src\components\Modal\Modal.jsx
FN:6,(anonymous_0)
FNF:1
FNH:1
FNDA:9,(anonymous_0)
DA:6,2
DA:8,9
LF:2
LH:2
BRF:0
BRH:0
end_of_record
TN:
SF:src\components\Modal\ModalBody.jsx
FN:4,(anonymous_0)
FNF:1
FNH:1
FNDA:2,(anonymous_0)
DA:4,1
DA:6,2
LF:2
LH:2
BRF:0
BRH:0
end_of_record
TN:
SF:src\components\Modal\ModalClose.jsx
FN:3,(anonymous_0)
FNF:1
FNH:1
FNDA:9,(anonymous_0)
DA:3,2
DA:4,9
LF:2
LH:2
BRF:0
BRH:0
end_of_record
TN:
SF:src\components\Modal\ModalFooter.jsx
FN:8,(anonymous_0)
FNF:1
FNH:1
FNDA:17,(anonymous_0)
DA:8,2
DA:9,17
DA:11,16
DA:27,2
LF:4
LH:4
BRDA:9,0,0,14
BRDA:13,1,0,16
BRDA:13,1,1,3
BRDA:21,2,0,16
BRDA:21,2,1,6
BRDA:21,2,2,5
BRDA:22,3,0,16
BRDA:22,3,1,4
BRDA:22,3,2,3
BRF:9
BRH:9
end_of_record
TN:
SF:src\components\Modal\ModalHeader.jsx
FN:5,(anonymous_0)
FNF:1
FNH:1
FNDA:8,(anonymous_0)
DA:5,2
DA:7,8
DA:12,2
LF:3
LH:3
BRF:0
BRH:0
end_of_record
TN:
SF:src\components\Modal\ModalImage.jsx
FN:4,(anonymous_0)
FNF:1
FNH:1
FNDA:8,(anonymous_0)
DA:4,2
DA:5,8
DA:14,2
LF:3
LH:3
BRF:0
BRH:0
end_of_record
TN:
SF:src\components\Modal\ModalText.jsx
FN:3,(anonymous_0)
FNF:1
FNH:1
FNDA:7,(anonymous_0)
DA:3,2
DA:5,7
LF:2
LH:2
BRF:0
BRH:0
end_of_record
TN:
SF:src\components\Modal\ModalWrapper.jsx
FN:6,(anonymous_0)
FN:7,(anonymous_1)
FNF:2
FNH:2
FNDA:10,(anonymous_0)
FNDA:1,(anonymous_1)
DA:6,2
DA:7,10
DA:8,1
DA:9,1
DA:13,10
DA:19,2
LF:6
LH:6
BRDA:8,0,0,1
BRDA:8,0,1,0
BRDA:15,1,0,10
BRDA:15,1,1,9
BRF:4
BRH:3
end_of_record
TN:
SF:src\components\Text\Text.jsx
FN:7,(anonymous_0)
FNF:1
FNH:1
FNDA:2,(anonymous_0)
DA:7,1
DA:9,2
DA:15,1
LF:3
LH:3
BRF:0
BRH:0
end_of_record
TN:
SF:src\components\Title\Title.jsx
FN:8,(anonymous_0)
FNF:1
FNH:1
FNDA:1,(anonymous_0)
DA:8,1
DA:10,1
DA:15,1
LF:3
LH:3
BRF:0
BRH:0
end_of_record
TN:
SF:src\compositions\RenderModal\RenderDeleteModal.jsx
FN:11,(anonymous_0)
FNF:1
FNH:1
FNDA:1,(anonymous_0)
DA:11,1
DA:13,1
LF:2
LH:2
BRF:0
BRH:0
end_of_record
TN:
SF:src\compositions\RenderModal\RenderModal.jsx
FN:15,(anonymous_0)
FNF:1
FNH:1
FNDA:5,(anonymous_0)
DA:15,1
DA:31,5
DA:69,1
LF:3
LH:3
BRDA:41,0,0,5
BRDA:41,0,1,2
BRDA:41,0,2,1
BRDA:47,1,0,5
BRDA:47,1,1,2
BRDA:47,1,2,1
BRDA:51,2,0,5
BRDA:51,2,1,2
BRDA:51,2,2,1
BRDA:59,3,0,5
BRDA:59,3,1,2
BRDA:59,3,2,1
BRF:12
BRH:12
end_of_record
TN:
SF:src\configs\API.js
FNF:0
FNH:0
DA:1,1
LF:1
LH:1
BRF:0
BRH:0
end_of_record
TN:
SF:src\helpers\sendRequest.js
FN:1,(anonymous_0)
FNF:1
FNH:0
FNDA:0,(anonymous_0)
DA:1,1
DA:2,0
DA:3,0
DA:4,0
LF:4
LH:1
BRF:0
BRH:0
end_of_record
TN:
SF:src\store\slices\app.slice.js
FN:17,(anonymous_0)
FN:19,(anonymous_1)
FN:25,(anonymous_2)
FN:31,(anonymous_3)
FN:34,(anonymous_4)
FN:40,(anonymous_5)
FN:45,(anonymous_6)
FN:49,(anonymous_7)
FN:57,(anonymous_8)
FN:66,(anonymous_9)
FN:68,(anonymous_10)
FN:74,(anonymous_11)
FN:80,(anonymous_12)
FN:84,(anonymous_13)
FN:88,(anonymous_14)
FN:93,(anonymous_15)
FN:101,(anonymous_16)
FN:106,(anonymous_17)
FN:108,(anonymous_18)
FN:117,(anonymous_19)
FN:120,(anonymous_20)
FNF:21
FNH:21
FNDA:2,(anonymous_0)
FNDA:2,(anonymous_1)
FNDA:2,(anonymous_2)
FNDA:3,(anonymous_3)
FNDA:3,(anonymous_4)
FNDA:3,(anonymous_5)
FNDA:2,(anonymous_6)
FNDA:2,(anonymous_7)
FNDA:5,(anonymous_8)
FNDA:3,(anonymous_9)
FNDA:3,(anonymous_10)
FNDA:5,(anonymous_11)
FNDA:4,(anonymous_12)
FNDA:4,(anonymous_13)
FNDA:2,(anonymous_14)
FNDA:2,(anonymous_15)
FNDA:1,(anonymous_16)
FNDA:2,(anonymous_17)
FNDA:1,(anonymous_18)
FNDA:1,(anonymous_19)
FNDA:1,(anonymous_20)
DA:3,2
DA:13,2
DA:19,2
DA:20,1
DA:21,1
DA:22,1
DA:25,2
DA:26,1
DA:27,1
DA:33,3
DA:34,3
DA:36,2
DA:37,2
DA:42,3
DA:43,3
DA:45,3
DA:46,2
DA:49,1
DA:51,2
DA:52,1
DA:57,3
DA:58,5
DA:59,5
DA:63,3
DA:67,3
DA:68,3
DA:70,2
DA:72,3
DA:73,3
DA:74,3
DA:75,5
DA:76,5
DA:82,4
DA:83,4
DA:84,4
DA:85,4
DA:86,3
DA:87,3
DA:88,2
DA:93,4
DA:94,2
DA:95,2
DA:98,4
DA:103,1
DA:104,1
DA:106,2
DA:108,1
DA:109,1
DA:110,1
DA:113,1
DA:114,1
DA:115,1
DA:118,1
DA:121,1
DA:122,1
DA:123,1
DA:124,1
DA:137,2
LF:58
LH:58
BRDA:19,0,0,1
BRDA:19,0,1,1
BRDA:33,1,0,2
BRDA:33,1,1,1
BRDA:33,2,0,3
BRDA:33,2,1,2
BRDA:45,3,0,2
BRDA:45,3,1,1
BRDA:51,4,0,1
BRDA:51,4,1,1
BRDA:67,5,0,2
BRDA:67,5,1,1
BRDA:67,6,0,3
BRDA:67,6,1,2
BRDA:85,7,0,3
BRDA:85,7,1,1
BRDA:87,8,0,2
BRDA:87,8,1,1
BRF:18
BRH:18
end_of_record
TN:
SF:src\store\slices\men.slice.js
FN:18,(anonymous_0)
FN:18,(anonymous_1)
FN:20,(anonymous_2)
FN:30,(anonymous_3)
FNF:4
FNH:1
FNDA:0,(anonymous_0)
FNDA:0,(anonymous_1)
FNDA:0,(anonymous_2)
FNDA:1,(anonymous_3)
DA:6,1
DA:18,1
DA:19,0
DA:21,0
DA:26,1
DA:31,1
DA:32,1
DA:33,1
DA:43,1
LF:9
LH:7
BRF:0
BRH:0
end_of_record
